<?xml version="1.0" encoding="utf-8"?><testsuites name="pytest tests"><testsuite name="pytest" errors="0" failures="0" skipped="0" tests="33" time="3.284" timestamp="2026-07-07T11:08:58.431994+00:00" hostname="agent-env-331479b5-f19d-40f8-b091-de451c2ec3ad"><testcase classname="tests.backend_test.TestPublic" name="test_public_courses_count_and_slugs" time="0.246" /><testcase classname="tests.backend_test.TestPublic" name="test_public_course_by_slug" time="0.242" /><testcase classname="tests.backend_test.TestPublic" name="test_public_course_404" time="0.091" /><testcase classname="tests.backend_test.TestAdminCRUD" name="test_courses_crud_slug_autogen" time="0.651" /><testcase classname="tests.backend_test.TestPublic" name="test_public_homepage" time="0.049" /><testcase classname="tests.backend_test.TestPublic" name="test_public_testimonials" time="0.056" /><testcase classname="tests.backend_test.TestAdminCRUD" name="test_blogs_crud" time="0.164" /><testcase classname="tests.backend_test.TestPublic" name="test_public_team" time="0.047" /><testcase classname="tests.backend_test.TestPublic" name="test_public_projects" time="0.049" /><testcase classname="tests.backend_test.TestPublic" name="test_public_settings" time="0.077" /><testcase classname="tests.backend_test.TestAdminCRUD" name="test_testimonials_crud" time="0.207" /><testcase classname="tests.backend_test.TestPublic" name="test_public_blogs" time="0.048" /><testcase classname="tests.backend_test.TestLeads" name="test_create_lead" time="0.052" /><testcase classname="tests.backend_test.TestLeads" name="test_honeypot_skips_db" time="0.089" /><testcase classname="tests.backend_test.TestAdminCRUD" name="test_team_crud" time="0.342" /><testcase classname="tests.backend_test.TestLeads" name="test_list_leads_contains_created" time="0.320" /><testcase classname="tests.backend_test.TestAdminCRUD" name="test_projects_crud" time="0.133" /><testcase classname="tests.backend_test.TestLeads" name="test_update_lead" time="0.137" /><testcase classname="tests.backend_test.TestAdminCRUD" name="test_events_crud" time="0.130" /><testcase classname="tests.backend_test.TestLeads" name="test_leads_csv" time="0.089" /><testcase classname="tests.backend_test.TestLeads" name="test_delete_lead" time="0.147" /><testcase classname="tests.backend_test.TestAdminCRUD" name="test_internships_crud" time="0.119" /><testcase classname="tests.backend_test.TestSEO" name="test_sitemap" time="0.050" /><testcase classname="tests.backend_test.TestAuth" name="test_login_success" time="0.264" /><testcase classname="tests.backend_test.TestSEO" name="test_robots" time="0.220" /><testcase classname="tests.backend_test.TestAuth" name="test_login_invalid" time="0.303" /><testcase classname="tests.backend_test.TestSEO" name="test_llms" time="0.263" /><testcase classname="tests.backend_test.TestDashboard" name="test_dashboard_requires_auth" time="0.128" /><testcase classname="tests.backend_test.TestAuth" name="test_me_requires_token" time="0.040" /><testcase classname="tests.backend_test.TestAuth" name="test_me_ok" time="0.044" /><testcase classname="tests.backend_test.TestDashboard" name="test_dashboard_ok" time="0.051" /><testcase classname="tests.backend_test.TestHomepageSettings" name="test_homepage_upsert" time="0.143" /><testcase classname="tests.backend_test.TestHomepageSettings" name="test_settings_upsert" time="0.207" /></testsuite></testsuites>